[2023-08-25 14:29:15 -0600] [896132] [DEBUG] Current configuration:
  config: ./gunicorn.conf.py
  wsgi_app: None
  bind: ['0.0.0.0:8000']
  backlog: 2048
  workers: 1
  worker_class: gevent
  threads: 1
  worker_connections: 1000
  max_requests: 0
  max_requests_jitter: 0
  timeout: 30
  graceful_timeout: 30
  keepalive: 2
  limit_request_line: 4094
  limit_request_fields: 100
  limit_request_field_size: 8190
  reload: False
  reload_engine: auto
  reload_extra_files: []
  spew: False
  check_config: False
  print_config: False
  preload_app: False
  sendfile: None
  reuse_port: False
  chdir: /home/colin/python-source/cbmd
  daemon: False
  raw_env: []
  pidfile: None
  worker_tmp_dir: None
  user: 1001
  group: 1001
  umask: 0
  initgroups: False
  tmp_upload_dir: None
  secure_scheme_headers: {'X-FORWARDED-PROTOCOL': 'ssl', 'X-FORWARDED-PROTO': 'https', 'X-FORWARDED-SSL': 'on'}
  forwarded_allow_ips: ['127.0.0.1']
  accesslog: None
  disable_redirect_access_to_syslog: False
  access_log_format: %(h)s %(l)s %(u)s %(t)s "%(r)s" %(s)s %(b)s "%(f)s" "%(a)s"
  errorlog: gunicorn.log
  loglevel: debug
  capture_output: False
  logger_class: gunicorn.glogging.Logger
  logconfig: None
  logconfig_dict: {}
  logconfig_json: None
  syslog_addr: udp://localhost:514
  syslog: False
  syslog_prefix: None
  syslog_facility: user
  enable_stdio_inheritance: False
  statsd_host: None
  dogstatsd_tags: 
  statsd_prefix: 
  proc_name: None
  default_proc_name: app:app
  pythonpath: None
  paste: None
  on_starting: <function OnStarting.on_starting at 0x7fc1e2aac700>
  on_reload: <function OnReload.on_reload at 0x7fc1e2aac820>
  when_ready: <function WhenReady.when_ready at 0x7fc1e2aac940>
  pre_fork: <function Prefork.pre_fork at 0x7fc1e2aaca60>
  post_fork: <function Postfork.post_fork at 0x7fc1e2aacb80>
  post_worker_init: <function PostWorkerInit.post_worker_init at 0x7fc1e2aacca0>
  worker_int: <function WorkerInt.worker_int at 0x7fc1e2aacdc0>
  worker_abort: <function WorkerAbort.worker_abort at 0x7fc1e2aacee0>
  pre_exec: <function PreExec.pre_exec at 0x7fc1e2ac3040>
  pre_request: <function PreRequest.pre_request at 0x7fc1e2ac3160>
  post_request: <function PostRequest.post_request at 0x7fc1e2ac31f0>
  child_exit: <function ChildExit.child_exit at 0x7fc1e2ac3310>
  worker_exit: <function WorkerExit.worker_exit at 0x7fc1e2ac3430>
  nworkers_changed: <function NumWorkersChanged.nworkers_changed at 0x7fc1e2ac3550>
  on_exit: <function OnExit.on_exit at 0x7fc1e2ac3670>
  ssl_context: <function NewSSLContext.ssl_context at 0x7fc1e2ac3790>
  proxy_protocol: False
  proxy_allow_ips: ['127.0.0.1']
  keyfile: None
  certfile: None
  ssl_version: 2
  cert_reqs: 0
  ca_certs: None
  suppress_ragged_eofs: True
  do_handshake_on_connect: False
  ciphers: None
  raw_paste_global_conf: []
  strip_header_spaces: False
[2023-08-25 14:29:15 -0600] [896132] [INFO] Starting gunicorn 21.2.0
[2023-08-25 14:29:15 -0600] [896132] [DEBUG] Arbiter booted
[2023-08-25 14:29:15 -0600] [896132] [INFO] Listening at: http://0.0.0.0:8000 (896132)
[2023-08-25 14:29:15 -0600] [896132] [INFO] Using worker: gevent
[2023-08-25 14:29:15 -0600] [896134] [INFO] Booting worker with pid: 896134
[2023-08-25 14:29:15 -0600] [896132] [DEBUG] 1 workers
[2023-08-25 14:29:29 -0600] [896132] [INFO] Handling signal: int
[2023-08-25 14:29:30 -0600] [896134] [INFO] Worker exiting (pid: 896134)
[2023-08-25 14:29:30 -0600] [896132] [INFO] Shutting down: Master
[2023-08-25 14:31:47 -0600] [896188] [DEBUG] Current configuration:
  config: ./gunicorn.conf.py
  wsgi_app: None
  bind: ['0.0.0.0:8000']
  backlog: 2048
  workers: 1
  worker_class: gevent
  threads: 1
  worker_connections: 1000
  max_requests: 0
  max_requests_jitter: 0
  timeout: 30
  graceful_timeout: 30
  keepalive: 2
  limit_request_line: 4094
  limit_request_fields: 100
  limit_request_field_size: 8190
  reload: False
  reload_engine: auto
  reload_extra_files: []
  spew: False
  check_config: False
  print_config: False
  preload_app: False
  sendfile: None
  reuse_port: False
  chdir: /home/colin/python-source/cbmd
  daemon: False
  raw_env: []
  pidfile: None
  worker_tmp_dir: None
  user: 1001
  group: 1001
  umask: 0
  initgroups: False
  tmp_upload_dir: None
  secure_scheme_headers: {'X-FORWARDED-PROTOCOL': 'ssl', 'X-FORWARDED-PROTO': 'https', 'X-FORWARDED-SSL': 'on'}
  forwarded_allow_ips: ['127.0.0.1']
  accesslog: None
  disable_redirect_access_to_syslog: False
  access_log_format: %(h)s %(l)s %(u)s %(t)s "%(r)s" %(s)s %(b)s "%(f)s" "%(a)s"
  errorlog: gunicorn.log
  loglevel: debug
  capture_output: False
  logger_class: gunicorn.glogging.Logger
  logconfig: None
  logconfig_dict: {}
  logconfig_json: None
  syslog_addr: udp://localhost:514
  syslog: False
  syslog_prefix: None
  syslog_facility: user
  enable_stdio_inheritance: False
  statsd_host: None
  dogstatsd_tags: 
  statsd_prefix: 
  proc_name: None
  default_proc_name: app:app
  pythonpath: None
  paste: None
  on_starting: <function OnStarting.on_starting at 0x7f6ab9f84700>
  on_reload: <function OnReload.on_reload at 0x7f6ab9f84820>
  when_ready: <function WhenReady.when_ready at 0x7f6ab9f84940>
  pre_fork: <function Prefork.pre_fork at 0x7f6ab9f84a60>
  post_fork: <function Postfork.post_fork at 0x7f6ab9f84b80>
  post_worker_init: <function PostWorkerInit.post_worker_init at 0x7f6ab9f84ca0>
  worker_int: <function WorkerInt.worker_int at 0x7f6ab9f84dc0>
  worker_abort: <function WorkerAbort.worker_abort at 0x7f6ab9f84ee0>
  pre_exec: <function PreExec.pre_exec at 0x7f6ab9f9b040>
  pre_request: <function PreRequest.pre_request at 0x7f6ab9f9b160>
  post_request: <function PostRequest.post_request at 0x7f6ab9f9b1f0>
  child_exit: <function ChildExit.child_exit at 0x7f6ab9f9b310>
  worker_exit: <function WorkerExit.worker_exit at 0x7f6ab9f9b430>
  nworkers_changed: <function NumWorkersChanged.nworkers_changed at 0x7f6ab9f9b550>
  on_exit: <function OnExit.on_exit at 0x7f6ab9f9b670>
  ssl_context: <function NewSSLContext.ssl_context at 0x7f6ab9f9b790>
  proxy_protocol: False
  proxy_allow_ips: ['127.0.0.1']
  keyfile: None
  certfile: None
  ssl_version: 2
  cert_reqs: 0
  ca_certs: None
  suppress_ragged_eofs: True
  do_handshake_on_connect: False
  ciphers: None
  raw_paste_global_conf: []
  strip_header_spaces: False
[2023-08-25 14:31:47 -0600] [896188] [INFO] Starting gunicorn 21.2.0
[2023-08-25 14:31:47 -0600] [896188] [DEBUG] Arbiter booted
[2023-08-25 14:31:47 -0600] [896188] [INFO] Listening at: http://0.0.0.0:8000 (896188)
[2023-08-25 14:31:47 -0600] [896188] [INFO] Using worker: gevent
[2023-08-25 14:31:47 -0600] [896190] [INFO] Booting worker with pid: 896190
[2023-08-25 14:31:47 -0600] [896188] [DEBUG] 1 workers
[2023-08-25 14:32:03 -0600] [896190] [DEBUG] GET /
[2023-08-25 14:32:03 -0600] [896190] [DEBUG] GET /static/css/w3.css
[2023-08-25 14:32:04 -0600] [896190] [DEBUG] GET /static/css/colors.css
[2023-08-25 14:32:04 -0600] [896190] [DEBUG] GET /static/css/cbmd.css
[2023-08-25 14:32:04 -0600] [896190] [DEBUG] GET /static/javascript/sms.js
[2023-08-25 14:32:04 -0600] [896190] [DEBUG] GET /stream
[2023-08-25 14:32:05 -0600] [896190] [DEBUG] GET /favicon.ico
[2023-08-25 14:32:05 -0600] [896190] [DEBUG] Closing connection. 
[2023-08-25 14:32:05 -0600] [896190] [DEBUG] Closing connection. 
[2023-08-25 14:32:09 -0600] [896190] [DEBUG] GET /auth/login
[2023-08-25 14:32:09 -0600] [896190] [DEBUG] GET /static/css/w3.css
[2023-08-25 14:32:09 -0600] [896190] [DEBUG] GET /static/css/colors.css
[2023-08-25 14:32:09 -0600] [896190] [DEBUG] GET /static/css/cbmd.css
[2023-08-25 14:32:09 -0600] [896190] [DEBUG] GET /static/javascript/sms.js
[2023-08-25 14:32:09 -0600] [896190] [DEBUG] GET /stream
[2023-08-25 14:32:23 -0600] [896190] [DEBUG] POST /auth/login
[2023-08-25 14:32:24 -0600] [896190] [DEBUG] GET /auth/1/profile
[2023-08-25 14:32:25 -0600] [896190] [DEBUG] GET /static/css/w3.css
[2023-08-25 14:32:25 -0600] [896190] [DEBUG] GET /static/css/colors.css
[2023-08-25 14:32:25 -0600] [896190] [DEBUG] GET /static/javascript/sms.js
[2023-08-25 14:32:25 -0600] [896190] [DEBUG] GET /static/css/cbmd.css
[2023-08-25 14:32:25 -0600] [896190] [DEBUG] GET /stream
[2023-08-25 14:32:25 -0600] [896190] [DEBUG] Closing connection. 
[2023-08-25 14:32:25 -0600] [896190] [DEBUG] Closing connection. 
[2023-08-25 14:32:25 -0600] [896190] [DEBUG] Closing connection. 
[2023-08-25 14:32:32 -0600] [896190] [DEBUG] GET /message/
[2023-08-25 14:32:32 -0600] [896190] [DEBUG] GET /static/css/w3.css
[2023-08-25 14:32:33 -0600] [896190] [DEBUG] GET /static/css/colors.css
[2023-08-25 14:32:33 -0600] [896190] [DEBUG] GET /static/css/cbmd.css
[2023-08-25 14:32:33 -0600] [896190] [DEBUG] GET /static/css/chat.css
[2023-08-25 14:32:33 -0600] [896190] [DEBUG] GET /static/javascript/sms.js
[2023-08-25 14:32:33 -0600] [896190] [DEBUG] GET /stream
[2023-08-25 14:32:57 -0600] [896190] [DEBUG] POST /message/17/send
[2023-08-25 14:33:12 -0600] [896188] [INFO] Handling signal: int
[2023-08-25 14:33:43 -0600] [896188] [ERROR] Worker (pid:896190) was sent SIGKILL! Perhaps out of memory?
[2023-08-25 14:33:43 -0600] [896188] [INFO] Shutting down: Master
[2023-08-25 14:36:46 -0600] [896269] [DEBUG] Current configuration:
  config: ./gunicorn.conf.py
  wsgi_app: None
  bind: ['0.0.0.0:8000']
  backlog: 2048
  workers: 1
  worker_class: gevent
  threads: 1
  worker_connections: 1000
  max_requests: 0
  max_requests_jitter: 0
  timeout: 30
  graceful_timeout: 30
  keepalive: 2
  limit_request_line: 4094
  limit_request_fields: 100
  limit_request_field_size: 8190
  reload: False
  reload_engine: auto
  reload_extra_files: []
  spew: False
  check_config: False
  print_config: False
  preload_app: False
  sendfile: None
  reuse_port: False
  chdir: /home/colin/python-source/cbmd
  daemon: False
  raw_env: []
  pidfile: None
  worker_tmp_dir: None
  user: 1001
  group: 1001
  umask: 0
  initgroups: False
  tmp_upload_dir: None
  secure_scheme_headers: {'X-FORWARDED-PROTOCOL': 'ssl', 'X-FORWARDED-PROTO': 'https', 'X-FORWARDED-SSL': 'on'}
  forwarded_allow_ips: ['127.0.0.1']
  accesslog: None
  disable_redirect_access_to_syslog: False
  access_log_format: %(h)s %(l)s %(u)s %(t)s "%(r)s" %(s)s %(b)s "%(f)s" "%(a)s"
  errorlog: gunicorn.log
  loglevel: debug
  capture_output: False
  logger_class: gunicorn.glogging.Logger
  logconfig: None
  logconfig_dict: {}
  logconfig_json: None
  syslog_addr: udp://localhost:514
  syslog: False
  syslog_prefix: None
  syslog_facility: user
  enable_stdio_inheritance: False
  statsd_host: None
  dogstatsd_tags: 
  statsd_prefix: 
  proc_name: None
  default_proc_name: app:app
  pythonpath: None
  paste: None
  on_starting: <function OnStarting.on_starting at 0x7fe66eb46700>
  on_reload: <function OnReload.on_reload at 0x7fe66eb46820>
  when_ready: <function WhenReady.when_ready at 0x7fe66eb46940>
  pre_fork: <function Prefork.pre_fork at 0x7fe66eb46a60>
  post_fork: <function Postfork.post_fork at 0x7fe66eb46b80>
  post_worker_init: <function PostWorkerInit.post_worker_init at 0x7fe66eb46ca0>
  worker_int: <function WorkerInt.worker_int at 0x7fe66eb46dc0>
  worker_abort: <function WorkerAbort.worker_abort at 0x7fe66eb46ee0>
  pre_exec: <function PreExec.pre_exec at 0x7fe66eb5d040>
  pre_request: <function PreRequest.pre_request at 0x7fe66eb5d160>
  post_request: <function PostRequest.post_request at 0x7fe66eb5d1f0>
  child_exit: <function ChildExit.child_exit at 0x7fe66eb5d310>
  worker_exit: <function WorkerExit.worker_exit at 0x7fe66eb5d430>
  nworkers_changed: <function NumWorkersChanged.nworkers_changed at 0x7fe66eb5d550>
  on_exit: <function OnExit.on_exit at 0x7fe66eb5d670>
  ssl_context: <function NewSSLContext.ssl_context at 0x7fe66eb5d790>
  proxy_protocol: False
  proxy_allow_ips: ['127.0.0.1']
  keyfile: None
  certfile: None
  ssl_version: 2
  cert_reqs: 0
  ca_certs: None
  suppress_ragged_eofs: True
  do_handshake_on_connect: False
  ciphers: None
  raw_paste_global_conf: []
  strip_header_spaces: False
[2023-08-25 14:36:46 -0600] [896269] [INFO] Starting gunicorn 21.2.0
[2023-08-25 14:36:46 -0600] [896269] [DEBUG] Arbiter booted
[2023-08-25 14:36:46 -0600] [896269] [INFO] Listening at: http://0.0.0.0:8000 (896269)
[2023-08-25 14:36:46 -0600] [896269] [INFO] Using worker: gevent
[2023-08-25 14:36:46 -0600] [896271] [INFO] Booting worker with pid: 896271
[2023-08-25 14:36:46 -0600] [896269] [DEBUG] 1 workers
[2023-08-25 14:36:53 -0600] [896271] [DEBUG] POST /message/17/send
[2023-08-25 14:37:23 -0600] [896269] [CRITICAL] WORKER TIMEOUT (pid:896271)
[2023-08-25 14:37:24 -0600] [896271] [DEBUG] Closing connection. 
[2023-08-25 14:37:27 -0600] [896271] [INFO] Worker exiting (pid: 896271)
[2023-08-25 14:37:27 -0600] [896298] [INFO] Booting worker with pid: 896298
[2023-08-25 14:39:43 -0600] [896269] [INFO] Handling signal: int
[2023-08-25 14:39:43 -0600] [896298] [INFO] Worker exiting (pid: 896298)
[2023-08-25 14:39:44 -0600] [896269] [INFO] Shutting down: Master
[2023-08-25 14:50:46 -0600] [896427] [DEBUG] Current configuration:
  config: ./gunicorn.conf.py
  wsgi_app: None
  bind: ['0.0.0.0:8000']
  backlog: 2048
  workers: 1
  worker_class: gevent
  threads: 1
  worker_connections: 1000
  max_requests: 0
  max_requests_jitter: 0
  timeout: 30
  graceful_timeout: 30
  keepalive: 2
  limit_request_line: 4094
  limit_request_fields: 100
  limit_request_field_size: 8190
  reload: False
  reload_engine: auto
  reload_extra_files: []
  spew: False
  check_config: False
  print_config: False
  preload_app: False
  sendfile: None
  reuse_port: False
  chdir: /home/colin/python-source/cbmd
  daemon: False
  raw_env: []
  pidfile: None
  worker_tmp_dir: None
  user: 1001
  group: 1001
  umask: 0
  initgroups: False
  tmp_upload_dir: None
  secure_scheme_headers: {'X-FORWARDED-PROTOCOL': 'ssl', 'X-FORWARDED-PROTO': 'https', 'X-FORWARDED-SSL': 'on'}
  forwarded_allow_ips: ['127.0.0.1']
  accesslog: None
  disable_redirect_access_to_syslog: False
  access_log_format: %(h)s %(l)s %(u)s %(t)s "%(r)s" %(s)s %(b)s "%(f)s" "%(a)s"
  errorlog: gunicorn.log
  loglevel: debug
  capture_output: False
  logger_class: gunicorn.glogging.Logger
  logconfig: None
  logconfig_dict: {}
  logconfig_json: None
  syslog_addr: udp://localhost:514
  syslog: False
  syslog_prefix: None
  syslog_facility: user
  enable_stdio_inheritance: False
  statsd_host: None
  dogstatsd_tags: 
  statsd_prefix: 
  proc_name: None
  default_proc_name: app:app
  pythonpath: None
  paste: None
  on_starting: <function OnStarting.on_starting at 0x7f694e9d5700>
  on_reload: <function OnReload.on_reload at 0x7f694e9d5820>
  when_ready: <function WhenReady.when_ready at 0x7f694e9d5940>
  pre_fork: <function Prefork.pre_fork at 0x7f694e9d5a60>
  post_fork: <function Postfork.post_fork at 0x7f694e9d5b80>
  post_worker_init: <function PostWorkerInit.post_worker_init at 0x7f694e9d5ca0>
  worker_int: <function WorkerInt.worker_int at 0x7f694e9d5dc0>
  worker_abort: <function WorkerAbort.worker_abort at 0x7f694e9d5ee0>
  pre_exec: <function PreExec.pre_exec at 0x7f694e9ec040>
  pre_request: <function PreRequest.pre_request at 0x7f694e9ec160>
  post_request: <function PostRequest.post_request at 0x7f694e9ec1f0>
  child_exit: <function ChildExit.child_exit at 0x7f694e9ec310>
  worker_exit: <function WorkerExit.worker_exit at 0x7f694e9ec430>
  nworkers_changed: <function NumWorkersChanged.nworkers_changed at 0x7f694e9ec550>
  on_exit: <function OnExit.on_exit at 0x7f694e9ec670>
  ssl_context: <function NewSSLContext.ssl_context at 0x7f694e9ec790>
  proxy_protocol: False
  proxy_allow_ips: ['127.0.0.1']
  keyfile: None
  certfile: None
  ssl_version: 2
  cert_reqs: 0
  ca_certs: None
  suppress_ragged_eofs: True
  do_handshake_on_connect: False
  ciphers: None
  raw_paste_global_conf: []
  strip_header_spaces: False
[2023-08-25 14:50:46 -0600] [896427] [INFO] Starting gunicorn 21.2.0
[2023-08-25 14:50:46 -0600] [896427] [DEBUG] Arbiter booted
[2023-08-25 14:50:46 -0600] [896427] [INFO] Listening at: http://0.0.0.0:8000 (896427)
[2023-08-25 14:50:46 -0600] [896427] [INFO] Using worker: gevent
[2023-08-25 14:50:46 -0600] [896429] [INFO] Booting worker with pid: 896429
[2023-08-25 14:50:46 -0600] [896427] [DEBUG] 1 workers
[2023-08-25 14:51:26 -0600] [896429] [DEBUG] Closing connection. 
[2023-08-25 14:51:36 -0600] [896429] [DEBUG] Closing connection. 
[2023-08-25 14:51:52 -0600] [896429] [DEBUG] GET /message/17/send
[2023-08-25 14:51:52 -0600] [896429] [DEBUG] GET /static/css/colors.css
[2023-08-25 14:51:52 -0600] [896429] [DEBUG] GET /static/css/w3.css
[2023-08-25 14:51:52 -0600] [896429] [DEBUG] GET /static/css/cbmd.css
[2023-08-25 14:51:52 -0600] [896429] [DEBUG] GET /static/javascript/sms.js
[2023-08-25 14:51:52 -0600] [896429] [DEBUG] GET /stream
[2023-08-25 14:52:38 -0600] [896429] [DEBUG] GET /
[2023-08-25 14:52:38 -0600] [896429] [DEBUG] GET /static/css/w3.css
[2023-08-25 14:52:38 -0600] [896429] [DEBUG] GET /static/css/colors.css
[2023-08-25 14:52:38 -0600] [896429] [DEBUG] GET /static/javascript/sms.js
[2023-08-25 14:52:38 -0600] [896429] [DEBUG] GET /static/css/cbmd.css
[2023-08-25 14:52:38 -0600] [896429] [DEBUG] GET /stream
[2023-08-25 14:55:01 -0600] [896427] [INFO] Handling signal: int
[2023-08-25 14:55:01 -0600] [896429] [INFO] Worker exiting (pid: 896429)
[2023-08-25 14:55:02 -0600] [896427] [INFO] Shutting down: Master
[2023-08-25 19:31:10 -0600] [900163] [DEBUG] Current configuration:
  config: ./gunicorn.conf.py
  wsgi_app: None
  bind: ['0.0.0.0:8000']
  backlog: 2048
  workers: 1
  worker_class: gevent
  threads: 1
  worker_connections: 1000
  max_requests: 0
  max_requests_jitter: 0
  timeout: 30
  graceful_timeout: 30
  keepalive: 2
  limit_request_line: 4094
  limit_request_fields: 100
  limit_request_field_size: 8190
  reload: False
  reload_engine: auto
  reload_extra_files: []
  spew: False
  check_config: False
  print_config: False
  preload_app: False
  sendfile: None
  reuse_port: False
  chdir: /home/colin/python-source/cbmd
  daemon: False
  raw_env: []
  pidfile: None
  worker_tmp_dir: None
  user: 1001
  group: 1001
  umask: 0
  initgroups: False
  tmp_upload_dir: None
  secure_scheme_headers: {'X-FORWARDED-PROTOCOL': 'ssl', 'X-FORWARDED-PROTO': 'https', 'X-FORWARDED-SSL': 'on'}
  forwarded_allow_ips: ['127.0.0.1']
  accesslog: None
  disable_redirect_access_to_syslog: False
  access_log_format: %(h)s %(l)s %(u)s %(t)s "%(r)s" %(s)s %(b)s "%(f)s" "%(a)s"
  errorlog: gunicorn.log
  loglevel: debug
  capture_output: False
  logger_class: gunicorn.glogging.Logger
  logconfig: None
  logconfig_dict: {}
  logconfig_json: None
  syslog_addr: udp://localhost:514
  syslog: False
  syslog_prefix: None
  syslog_facility: user
  enable_stdio_inheritance: False
  statsd_host: None
  dogstatsd_tags: 
  statsd_prefix: 
  proc_name: None
  default_proc_name: app:app
  pythonpath: None
  paste: None
  on_starting: <function OnStarting.on_starting at 0x7fc66c803700>
  on_reload: <function OnReload.on_reload at 0x7fc66c803820>
  when_ready: <function WhenReady.when_ready at 0x7fc66c803940>
  pre_fork: <function Prefork.pre_fork at 0x7fc66c803a60>
  post_fork: <function Postfork.post_fork at 0x7fc66c803b80>
  post_worker_init: <function PostWorkerInit.post_worker_init at 0x7fc66c803ca0>
  worker_int: <function WorkerInt.worker_int at 0x7fc66c803dc0>
  worker_abort: <function WorkerAbort.worker_abort at 0x7fc66c803ee0>
  pre_exec: <function PreExec.pre_exec at 0x7fc66c81c040>
  pre_request: <function PreRequest.pre_request at 0x7fc66c81c160>
  post_request: <function PostRequest.post_request at 0x7fc66c81c1f0>
  child_exit: <function ChildExit.child_exit at 0x7fc66c81c310>
  worker_exit: <function WorkerExit.worker_exit at 0x7fc66c81c430>
  nworkers_changed: <function NumWorkersChanged.nworkers_changed at 0x7fc66c81c550>
  on_exit: <function OnExit.on_exit at 0x7fc66c81c670>
  ssl_context: <function NewSSLContext.ssl_context at 0x7fc66c81c790>
  proxy_protocol: False
  proxy_allow_ips: ['127.0.0.1']
  keyfile: None
  certfile: None
  ssl_version: 2
  cert_reqs: 0
  ca_certs: None
  suppress_ragged_eofs: True
  do_handshake_on_connect: False
  ciphers: None
  raw_paste_global_conf: []
  strip_header_spaces: False
[2023-08-25 19:31:10 -0600] [900163] [INFO] Starting gunicorn 21.2.0
[2023-08-25 19:31:10 -0600] [900163] [DEBUG] Arbiter booted
[2023-08-25 19:31:10 -0600] [900163] [INFO] Listening at: http://0.0.0.0:8000 (900163)
[2023-08-25 19:31:10 -0600] [900163] [INFO] Using worker: gevent
[2023-08-25 19:31:10 -0600] [900165] [INFO] Booting worker with pid: 900165
[2023-08-25 19:31:10 -0600] [900163] [DEBUG] 1 workers
[2023-08-25 19:31:13 -0600] [900165] [ERROR] Exception in worker process
Traceback (most recent call last):
  File "/home/colin/python-source/cbmd/extensions.py", line 23, in <module>
    class twilio_config():
  File "/home/colin/python-source/cbmd/extensions.py", line 24, in twilio_config
    account_sid = environ['TWILIO_ACCOUNT_SID']
  File "/usr/lib/python3.8/os.py", line 675, in __getitem__
    raise KeyError(key) from None
KeyError: 'TWILIO_ACCOUNT_SID'

During handling of the above exception, another exception occurred:

Traceback (most recent call last):
  File "/home/colin/python-source/cbmd/env/lib/python3.8/site-packages/gunicorn/arbiter.py", line 609, in spawn_worker
    worker.init_process()
  File "/home/colin/python-source/cbmd/env/lib/python3.8/site-packages/gunicorn/workers/ggevent.py", line 147, in init_process
    super().init_process()
  File "/home/colin/python-source/cbmd/env/lib/python3.8/site-packages/gunicorn/workers/base.py", line 134, in init_process
    self.load_wsgi()
  File "/home/colin/python-source/cbmd/env/lib/python3.8/site-packages/gunicorn/workers/base.py", line 146, in load_wsgi
    self.wsgi = self.app.wsgi()
  File "/home/colin/python-source/cbmd/env/lib/python3.8/site-packages/gunicorn/app/base.py", line 67, in wsgi
    self.callable = self.load()
  File "/home/colin/python-source/cbmd/env/lib/python3.8/site-packages/gunicorn/app/wsgiapp.py", line 58, in load
    return self.load_wsgiapp()
  File "/home/colin/python-source/cbmd/env/lib/python3.8/site-packages/gunicorn/app/wsgiapp.py", line 48, in load_wsgiapp
    return util.import_app(self.app_uri)
  File "/home/colin/python-source/cbmd/env/lib/python3.8/site-packages/gunicorn/util.py", line 371, in import_app
    mod = importlib.import_module(module)
  File "/usr/lib/python3.8/importlib/__init__.py", line 127, in import_module
    return _bootstrap._gcd_import(name[level:], package, level)
  File "<frozen importlib._bootstrap>", line 1014, in _gcd_import
  File "<frozen importlib._bootstrap>", line 991, in _find_and_load
  File "<frozen importlib._bootstrap>", line 975, in _find_and_load_unlocked
  File "<frozen importlib._bootstrap>", line 671, in _load_unlocked
  File "<frozen importlib._bootstrap_external>", line 848, in exec_module
  File "<frozen importlib._bootstrap>", line 219, in _call_with_frames_removed
  File "/home/colin/python-source/cbmd/app.py", line 5, in <module>
    from extensions import db, bcrypt, login_manager, current_user, environ, Blueprint, session
  File "/home/colin/python-source/cbmd/extensions.py", line 33, in <module>
    abort(401)
  File "/home/colin/python-source/cbmd/env/lib/python3.8/site-packages/flask/helpers.py", line 279, in abort
    _wz_abort(code, *args, **kwargs)
  File "/home/colin/python-source/cbmd/env/lib/python3.8/site-packages/werkzeug/exceptions.py", line 876, in abort
    _aborter(status, *args, **kwargs)
  File "/home/colin/python-source/cbmd/env/lib/python3.8/site-packages/werkzeug/exceptions.py", line 861, in __call__
    raise self.mapping[code](*args, **kwargs)
werkzeug.exceptions.Unauthorized: 401 Unauthorized: The server could not verify that you are authorized to access the URL requested. You either supplied the wrong credentials (e.g. a bad password), or your browser doesn't understand how to supply the credentials required.
[2023-08-25 19:31:13 -0600] [900165] [INFO] Worker exiting (pid: 900165)
[2023-08-25 19:31:13 -0600] [900163] [ERROR] Worker (pid:900165) exited with code 3
[2023-08-25 19:31:13 -0600] [900163] [ERROR] Shutting down: Master
[2023-08-25 19:31:13 -0600] [900163] [ERROR] Reason: Worker failed to boot.
[2023-08-25 19:31:28 -0600] [900170] [DEBUG] Current configuration:
  config: ./gunicorn.conf.py
  wsgi_app: None
  bind: ['0.0.0.0:8000']
  backlog: 2048
  workers: 1
  worker_class: gevent
  threads: 1
  worker_connections: 1000
  max_requests: 0
  max_requests_jitter: 0
  timeout: 30
  graceful_timeout: 30
  keepalive: 2
  limit_request_line: 4094
  limit_request_fields: 100
  limit_request_field_size: 8190
  reload: False
  reload_engine: auto
  reload_extra_files: []
  spew: False
  check_config: False
  print_config: False
  preload_app: False
  sendfile: None
  reuse_port: False
  chdir: /home/colin/python-source/cbmd
  daemon: False
  raw_env: []
  pidfile: None
  worker_tmp_dir: None
  user: 1001
  group: 1001
  umask: 0
  initgroups: False
  tmp_upload_dir: None
  secure_scheme_headers: {'X-FORWARDED-PROTOCOL': 'ssl', 'X-FORWARDED-PROTO': 'https', 'X-FORWARDED-SSL': 'on'}
  forwarded_allow_ips: ['127.0.0.1']
  accesslog: None
  disable_redirect_access_to_syslog: False
  access_log_format: %(h)s %(l)s %(u)s %(t)s "%(r)s" %(s)s %(b)s "%(f)s" "%(a)s"
  errorlog: gunicorn.log
  loglevel: debug
  capture_output: False
  logger_class: gunicorn.glogging.Logger
  logconfig: None
  logconfig_dict: {}
  logconfig_json: None
  syslog_addr: udp://localhost:514
  syslog: False
  syslog_prefix: None
  syslog_facility: user
  enable_stdio_inheritance: False
  statsd_host: None
  dogstatsd_tags: 
  statsd_prefix: 
  proc_name: None
  default_proc_name: app:app
  pythonpath: None
  paste: None
  on_starting: <function OnStarting.on_starting at 0x7fbca864f700>
  on_reload: <function OnReload.on_reload at 0x7fbca864f820>
  when_ready: <function WhenReady.when_ready at 0x7fbca864f940>
  pre_fork: <function Prefork.pre_fork at 0x7fbca864fa60>
  post_fork: <function Postfork.post_fork at 0x7fbca864fb80>
  post_worker_init: <function PostWorkerInit.post_worker_init at 0x7fbca864fca0>
  worker_int: <function WorkerInt.worker_int at 0x7fbca864fdc0>
  worker_abort: <function WorkerAbort.worker_abort at 0x7fbca864fee0>
  pre_exec: <function PreExec.pre_exec at 0x7fbca8666040>
  pre_request: <function PreRequest.pre_request at 0x7fbca8666160>
  post_request: <function PostRequest.post_request at 0x7fbca86661f0>
  child_exit: <function ChildExit.child_exit at 0x7fbca8666310>
  worker_exit: <function WorkerExit.worker_exit at 0x7fbca8666430>
  nworkers_changed: <function NumWorkersChanged.nworkers_changed at 0x7fbca8666550>
  on_exit: <function OnExit.on_exit at 0x7fbca8666670>
  ssl_context: <function NewSSLContext.ssl_context at 0x7fbca8666790>
  proxy_protocol: False
  proxy_allow_ips: ['127.0.0.1']
  keyfile: None
  certfile: None
  ssl_version: 2
  cert_reqs: 0
  ca_certs: None
  suppress_ragged_eofs: True
  do_handshake_on_connect: False
  ciphers: None
  raw_paste_global_conf: []
  strip_header_spaces: False
[2023-08-25 19:31:28 -0600] [900170] [INFO] Starting gunicorn 21.2.0
[2023-08-25 19:31:28 -0600] [900170] [DEBUG] Arbiter booted
[2023-08-25 19:31:28 -0600] [900170] [INFO] Listening at: http://0.0.0.0:8000 (900170)
[2023-08-25 19:31:28 -0600] [900170] [INFO] Using worker: gevent
[2023-08-25 19:31:28 -0600] [900172] [INFO] Booting worker with pid: 900172
[2023-08-25 19:31:28 -0600] [900170] [DEBUG] 1 workers
[2023-08-25 19:35:16 -0600] [900172] [DEBUG] GET /
[2023-08-25 19:35:17 -0600] [900172] [DEBUG] GET /static/css/w3.css
[2023-08-25 19:35:17 -0600] [900172] [DEBUG] GET /static/css/colors.css
[2023-08-25 19:35:17 -0600] [900172] [DEBUG] GET /static/css/cbmd.css
[2023-08-25 19:35:17 -0600] [900172] [DEBUG] GET /static/javascript/sms.js
[2023-08-25 19:35:18 -0600] [900172] [DEBUG] GET /stream
[2023-08-25 19:35:22 -0600] [900172] [DEBUG] GET /message/
[2023-08-25 19:35:22 -0600] [900172] [DEBUG] GET /static/css/w3.css
[2023-08-25 19:35:22 -0600] [900172] [DEBUG] GET /static/css/colors.css
[2023-08-25 19:35:22 -0600] [900172] [DEBUG] GET /static/css/chat.css
[2023-08-25 19:35:22 -0600] [900172] [DEBUG] GET /static/javascript/sms.js
[2023-08-25 19:35:22 -0600] [900172] [DEBUG] GET /static/css/cbmd.css
[2023-08-25 19:35:23 -0600] [900172] [DEBUG] GET /stream
[2023-08-25 19:35:47 -0600] [900172] [DEBUG] POST /message/17/send
[2023-08-25 19:36:06 -0600] [900170] [INFO] Handling signal: int
[2023-08-25 19:36:36 -0600] [900170] [ERROR] Worker (pid:900172) was sent SIGKILL! Perhaps out of memory?
[2023-08-25 19:36:36 -0600] [900170] [INFO] Shutting down: Master
